'pygame.font.Font' object has no attribute 'get_name'Update/draw error: name 'start_y' is not defined
Update/draw error: name 'start_y' is not defined
Update/draw error: name 'start_y' is not defined
Update/draw error: name 'start_y' is not defined
Update/draw error: name 'start_y' is not defined
Update/draw error: name 'start_y' is not defined
Update/draw error: name 'start_y' is not defined
Update/draw error: name 'start_y' is not defined
Update/draw error: name 'start_y' is not defined
Update/draw error: name 'start_y' is not defined
Update/draw error: name 'start_y' is not defined
Update/draw error: name 'start_y' is not defined
Update/draw error: name 'start_y' is not defined
Update/draw error: name 'start_y' is not defined
Update/draw error: name 'start_y' is not defined
Update/draw error: name 'start_y' is not defined
Update/draw error: name 'start_y' is not defined
Update/draw error: name 'start_y' is not defined
Update/draw error: name 'start_y' is not defined
Update/draw error: name 'start_y' is not defined
Update/draw error: name 'start_y' is not defined
Update/draw error: name 'start_y' is not defined
Update/draw error: name 'start_y' is not defined
Update/draw error: name 'start_y' is not defined
Update/draw error: name 'start_y' is not defined
Update/draw error: name 'start_y' is not defined
Update/draw error: name 'start_y' is not defined
Update/draw error: name 'start_y' is not defined
Update/draw error: name 'start_y' is not defined
Update/draw error: name 'start_y' is not defined
Update/draw error: name 'start_y' is not defined
Update/draw error: name 'start_y' is not defined
Update/draw error: name 'start_y' is not defined
Update/draw error: name 'start_y' is not defined
Update/draw error: name 'start_y' is not defined
Update/draw error: name 'start_y' is not defined
Update/draw error: name 'start_y' is not defined
Update/draw error: name 'start_y' is not defined
Update/draw error: name 'start_y' is not defined
Update/draw error: name 'start_y' is not defined
Update/draw error: name 'start_y' is not defined
Update/draw error: name 'start_y' is not defined
Update/draw error: name 'start_y' is not defined
Update/draw error: name 'start_y' is not defined
Update/draw error: name 'start_y' is not defined
Update/draw error: name 'start_y' is not defined
Update/draw error: name 'start_y' is not defined
Update/draw error: name 'start_y' is not defined
Update/draw error: name 'start_y' is not defined
Update/draw error: name 'start_y' is not defined
Update/draw error: name 'start_y' is not defined
Update/draw error: name 'start_y' is not defined
Update/draw error: name 'start_y' is not defined
Update/draw error: name 'start_y' is not defined
Update/draw error: name 'start_y' is not defined
Update/draw error: name 'start_y' is not defined
Update/draw error: name 'start_y' is not defined
Update/draw error: name 'start_y' is not defined
Update/draw error: name 'start_y' is not defined
Update/draw error: name 'start_y' is not defined
Update/draw error: name 'start_y' is not defined
Update/draw error: name 'start_y' is not defined
Update/draw error: name 'start_y' is not defined
Update/draw error: name 'start_y' is not defined
Update/draw error: name 'start_y' is not defined
Update/draw error: name 'start_y' is not defined
Update/draw error: name 'start_y' is not defined
Update/draw error: name 'start_y' is not defined
Update/draw error: name 'start_y' is not defined
Update/draw error: name 'start_y' is not defined
Update/draw error: name 'start_y' is not defined
Update/draw error: name 'start_y' is not defined
Update/draw error: name 'start_y' is not defined
Update/draw error: name 'start_y' is not defined
Update/draw error: name 'start_y' is not defined
Update/draw error: name 'start_y' is not defined
Update/draw error: name 'start_y' is not defined
Update/draw error: name 'start_y' is not defined
Update/draw error: name 'start_y' is not defined
Update/draw error: name 'start_y' is not defined
Update/draw error: name 'start_y' is not defined
Update/draw error: name 'start_y' is not defined
Update/draw error: name 'start_y' is not defined
Update/draw error: name 'start_y' is not defined
Update/draw error: name 'start_y' is not defined
Update/draw error: name 'start_y' is not defined
Update/draw error: name 'start_y' is not defined
Update/draw error: name 'start_y' is not defined
Update/draw error: name 'start_y' is not defined
Update/draw error: name 'start_y' is not defined
Update/draw error: name 'start_y' is not defined
Update/draw error: name 'start_y' is not defined
Update/draw error: name 'start_y' is not defined
Update/draw error: name 'start_y' is not defined
Update/draw error: name 'start_y' is not defined
Update/draw error: name 'start_y' is not defined
Update/draw error: name 'start_y' is not defined
Update/draw error: name 'start_y' is not defined
Update/draw error: name 'start_y' is not defined
Update/draw error: name 'start_y' is not defined
Update/draw error: name 'start_y' is not defined
Update/draw error: name 'start_y' is not defined
Update/draw error: name 'start_y' is not defined
Update/draw error: name 'start_y' is not defined
Update/draw error: name 'start_y' is not defined
Update/draw error: name 'start_y' is not defined
Update/draw error: name 'start_y' is not defined
Update/draw error: name 'start_y' is not defined
Update/draw error: name 'start_y' is not defined
Update/draw error: name 'start_y' is not defined
Update/draw error: name 'start_y' is not defined
Update/draw error: name 'start_y' is not defined
Update/draw error: name 'start_y' is not defined
Update/draw error: name 'start_y' is not defined
Update/draw error: name 'start_y' is not defined
Update/draw error: name 'start_y' is not defined
Update/draw error: name 'start_y' is not defined
Update/draw error: name 'start_y' is not defined
Update/draw error: name 'start_y' is not defined
Update/draw error: name 'start_y' is not defined
Update/draw error: name 'start_y' is not defined
Update/draw error: name 'start_y' is not defined
Update/draw error: name 'start_y' is not defined
Update/draw error: name 'start_y' is not defined
Update/draw error: name 'start_y' is not defined
Update/draw error: name 'start_y' is not defined
Update/draw error: name 'start_y' is not defined
Update/draw error: name 'start_y' is not defined
Update/draw error: name 'start_y' is not defined
Update/draw error: name 'start_y' is not defined
Update/draw error: name 'start_y' is not defined
Update/draw error: name 'start_y' is not defined
Update/draw error: name 'start_y' is not defined
Update/draw error: name 'start_y' is not defined
Update/draw error: name 'start_y' is not defined
Update/draw error: name 'start_y' is not defined
Update/draw error: name 'start_y' is not defined
Update/draw error: name 'start_y' is not defined
Update/draw error: name 'start_y' is not defined
Update/draw error: name 'start_y' is not defined
Update/draw error: name 'start_y' is not defined
Update/draw error: name 'start_y' is not defined
Update/draw error: name 'start_y' is not defined
Update/draw error: name 'start_y' is not defined
Update/draw error: name 'start_y' is not defined
Update/draw error: name 'start_y' is not defined
Update/draw error: name 'start_y' is not defined
Update/draw error: name 'start_y' is not defined
Update/draw error: name 'start_y' is not defined
Update/draw error: name 'start_y' is not defined
Update/draw error: name 'start_y' is not defined
Update/draw error: name 'start_y' is not defined
Update/draw error: name 'start_y' is not defined
Update/draw error: name 'start_y' is not defined
Update/draw error: name 'start_y' is not defined
Update/draw error: name 'start_y' is not defined
Update/draw error: name 'start_y' is not defined
Update/draw error: name 'start_y' is not defined
Update/draw error: name 'start_y' is not defined
Update/draw error: name 'start_y' is not defined
Update/draw error: name 'start_y' is not defined
Update/draw error: name 'start_y' is not defined
Update/draw error: name 'start_y' is not defined
Update/draw error: name 'start_y' is not defined
Update/draw error: name 'start_y' is not defined
Update/draw error: name 'start_y' is not defined
Update/draw error: name 'start_y' is not defined
Update/draw error: name 'start_y' is not defined
Update/draw error: name 'start_y' is not defined
Update/draw error: name 'start_y' is not defined
Update/draw error: name 'start_y' is not defined
Update/draw error: name 'start_y' is not defined
Update/draw error: name 'start_y' is not defined
Update/draw error: name 'start_y' is not defined
Update/draw error: name 'start_y' is not defined
Update/draw error: name 'start_y' is not defined
Update/draw error: name 'start_y' is not defined
Update/draw error: name 'start_y' is not defined
Update/draw error: name 'start_y' is not defined
Update/draw error: name 'start_y' is not defined
Update/draw error: name 'start_y' is not defined
Update/draw error: name 'start_y' is not defined
Update/draw error: name 'start_y' is not defined
Update/draw error: name 'start_y' is not defined
Update/draw error: name 'start_y' is not defined
Update/draw error: name 'start_y' is not defined
Update/draw error: name 'start_y' is not defined
Update/draw error: name 'start_y' is not defined
Update/draw error: name 'start_y' is not defined
Update/draw error: name 'start_y' is not defined
Update/draw error: name 'start_y' is not defined
Update/draw error: name 'start_y' is not defined
Update/draw error: name 'start_y' is not defined
Update/draw error: name 'start_y' is not defined
Update/draw error: name 'start_y' is not defined
Update/draw error: name 'start_y' is not defined
Update/draw error: name 'start_y' is not defined
Update/draw error: name 'start_y' is not defined
Update/draw error: name 'start_y' is not defined
Update/draw error: name 'start_y' is not defined
Update/draw error: name 'start_y' is not defined
Update/draw error: name 'start_y' is not defined
Update/draw error: name 'start_y' is not defined
Update/draw error: name 'start_y' is not defined
Update/draw error: name 'start_y' is not defined
Update/draw error: name 'start_y' is not defined
Update/draw error: name 'start_y' is not defined
Update/draw error: name 'start_y' is not defined
Update/draw error: name 'start_y' is not defined
Update/draw error: name 'start_y' is not defined
Update/draw error: name 'start_y' is not defined
Update/draw error: name 'start_y' is not defined
Update/draw error: name 'start_y' is not defined
Update/draw error: name 'start_y' is not defined
Update/draw error: name 'start_y' is not defined
Update/draw error: name 'start_y' is not defined
Update/draw error: name 'start_y' is not defined
Update/draw error: name 'start_y' is not defined
Update/draw error: name 'start_y' is not defined
Update/draw error: name 'start_y' is not defined
Update/draw error: name 'start_y' is not defined
Update/draw error: name 'start_y' is not defined
Update/draw error: name 'start_y' is not defined
Update/draw error: name 'start_y' is not defined
Update/draw error: name 'start_y' is not defined
Update/draw error: name 'start_y' is not defined
Update/draw error: name 'start_y' is not defined
Update/draw error: name 'start_y' is not defined
Update/draw error: name 'start_y' is not defined
Update/draw error: name 'start_y' is not defined
Update/draw error: name 'start_y' is not defined
Update/draw error: name 'start_y' is not defined
Update/draw error: name 'start_y' is not defined
Update/draw error: name 'start_y' is not defined
Update/draw error: name 'start_y' is not defined
Update/draw error: name 'start_y' is not defined
Update/draw error: name 'start_y' is not defined
Update/draw error: name 'start_y' is not defined
Update/draw error: name 'start_y' is not defined
Update/draw error: name 'start_y' is not defined
Update/draw error: name 'start_y' is not defined
Update/draw error: name 'start_y' is not defined
Update/draw error: name 'start_y' is not defined
Update/draw error: name 'start_y' is not defined
Update/draw error: name 'start_y' is not defined
Update/draw error: name 'start_y' is not defined
Update/draw error: name 'start_y' is not defined
Update/draw error: name 'start_y' is not defined
Update/draw error: name 'start_y' is not defined
Update/draw error: name 'start_y' is not defined
Update/draw error: name 'start_y' is not defined
Update/draw error: name 'start_y' is not defined
Update/draw error: name 'start_y' is not defined
Update/draw error: name 'start_y' is not defined
Update/draw error: name 'start_y' is not defined
Update/draw error: name 'start_y' is not defined
Update/draw error: name 'start_y' is not defined
Update/draw error: name 'start_y' is not defined
Update/draw error: name 'start_y' is not defined
Update/draw error: name 'start_y' is not defined
Update/draw error: name 'start_y' is not defined
Update/draw error: name 'start_y' is not defined
Update/draw error: name 'start_y' is not defined
Update/draw error: name 'start_y' is not defined
Update/draw error: name 'start_y' is not defined
Update/draw error: name 'start_y' is not defined
Update/draw error: name 'start_y' is not defined
Update/draw error: name 'start_y' is not defined
Update/draw error: name 'start_y' is not defined
Update/draw error: name 'start_y' is not defined
Update/draw error: name 'start_y' is not defined
Update/draw error: name 'start_y' is not defined
Update/draw error: name 'start_y' is not defined
Update/draw error: name 'start_y' is not defined
Update/draw error: name 'start_y' is not defined
Update/draw error: name 'start_y' is not defined
Update/draw error: name 'start_y' is not defined
Update/draw error: name 'start_y' is not defined
Update/draw error: name 'start_y' is not defined
Update/draw error: name 'start_y' is not defined
Update/draw error: name 'start_y' is not defined
Update/draw error: name 'start_y' is not defined
Update/draw error: name 'start_y' is not defined
Update/draw error: name 'start_y' is not defined
Update/draw error: name 'start_y' is not defined
Update/draw error: name 'start_y' is not defined
Update/draw error: name 'start_y' is not defined
Update/draw error: name 'start_y' is not defined
Update/draw error: name 'start_y' is not defined
Update/draw error: name 'start_y' is not defined
Update/draw error: name 'start_y' is not defined
Update/draw error: name 'start_y' is not defined
Update/draw error: name 'start_y' is not defined
Update/draw error: name 'start_y' is not defined
Update/draw error: name 'start_y' is not defined
Update/draw error: name 'start_y' is not defined
Update/draw error: name 'start_y' is not defined
Update/draw error: name 'start_y' is not defined
Update/draw error: name 'start_y' is not defined
Update/draw error: name 'start_y' is not defined
Update/draw error: name 'start_y' is not defined
Update/draw error: name 'start_y' is not defined
Update/draw error: name 'start_y' is not defined
Update/draw error: name 'start_y' is not defined
Update/draw error: name 'start_y' is not defined
Update/draw error: name 'start_y' is not defined
Update/draw error: name 'start_y' is not defined
Update/draw error: name 'start_y' is not defined
Update/draw error: name 'start_y' is not defined
Update/draw error: name 'start_y' is not defined
Update/draw error: name 'start_y' is not defined
Update/draw error: name 'start_y' is not defined
Update/draw error: name 'start_y' is not defined
Update/draw error: name 'start_y' is not defined
Update/draw error: name 'start_y' is not defined
Update/draw error: name 'start_y' is not defined
Update/draw error: name 'start_y' is not defined
Update/draw error: name 'start_y' is not defined
Update/draw error: name 'start_y' is not defined
Update/draw error: name 'start_y' is not defined
Update/draw error: name 'start_y' is not defined
Update/draw error: name 'start_y' is not defined
Update/draw error: name 'start_y' is not defined
Update/draw error: name 'start_y' is not defined
Update/draw error: name 'start_y' is not defined
Update/draw error: name 'start_y' is not defined
Update/draw error: name 'start_y' is not defined
Update/draw error: name 'start_y' is not defined
Update/draw error: name 'start_y' is not defined
Update/draw error: name 'start_y' is not defined
Update/draw error: name 'start_y' is not defined
Update/draw error: name 'start_y' is not defined
Update/draw error: name 'start_y' is not defined
Update/draw error: name 'start_y' is not defined
Update/draw error: name 'start_y' is not defined
Update/draw error: name 'start_y' is not defined
Update/draw error: name 'start_y' is not defined
Update/draw error: name 'start_y' is not defined
Update/draw error: name 'start_y' is not defined
Update/draw error: name 'start_y' is not defined
Update/draw error: name 'start_y' is not defined
Update/draw error: name 'start_y' is not defined
Update/draw error: name 'start_y' is not defined
Update/draw error: name 'start_y' is not defined
Update/draw error: name 'start_y' is not defined
Update/draw error: name 'start_y' is not defined
Update/draw error: name 'start_y' is not defined
Update/draw error: name 'start_y' is not defined
Update/draw error: name 'start_y' is not defined
Update/draw error: name 'start_y' is not defined
Update/draw error: name 'start_y' is not defined
Update/draw error: name 'start_y' is not defined
Update/draw error: name 'start_y' is not defined
Update/draw error: name 'start_y' is not defined
Update/draw error: name 'start_y' is not defined
Update/draw error: name 'start_y' is not defined
Update/draw error: name 'start_y' is not defined
Update/draw error: name 'start_y' is not defined
Update/draw error: name 'start_y' is not defined
Update/draw error: name 'start_y' is not defined
Update/draw error: name 'start_y' is not defined
Update/draw error: name 'start_y' is not defined
Update/draw error: name 'start_y' is not defined
Update/draw error: name 'start_y' is not defined
Update/draw error: name 'start_y' is not defined
Update/draw error: name 'start_y' is not defined
Update/draw error: name 'start_y' is not defined
Update/draw error: name 'start_y' is not defined
Update/draw error: name 'start_y' is not defined
Update/draw error: name 'start_y' is not defined
Update/draw error: name 'start_y' is not defined
Update/draw error: name 'start_y' is not defined
Update/draw error: name 'start_y' is not defined
Update/draw error: name 'start_y' is not defined
Update/draw error: name 'start_y' is not defined
Update/draw error: name 'start_y' is not defined
Update/draw error: name 'start_y' is not defined
Update/draw error: name 'start_y' is not defined
Update/draw error: name 'start_y' is not defined
Update/draw error: name 'start_y' is not defined
Update/draw error: name 'start_y' is not defined
Update/draw error: name 'start_y' is not defined
Update/draw error: name 'start_y' is not defined
Update/draw error: name 'start_y' is not defined
Update/draw error: name 'start_y' is not defined
Update/draw error: name 'start_y' is not defined
Update/draw error: name 'start_y' is not defined
Update/draw error: name 'start_y' is not defined
Update/draw error: name 'start_y' is not defined
Update/draw error: name 'start_y' is not defined
Update/draw error: name 'start_y' is not defined
Update/draw error: name 'start_y' is not defined
Update/draw error: name 'start_y' is not defined
Update/draw error: name 'start_y' is not defined
Update/draw error: name 'start_y' is not defined
Update/draw error: name 'start_y' is not defined
Update/draw error: name 'start_y' is not defined
Update/draw error: name 'start_y' is not defined
Update/draw error: name 'start_y' is not defined
Update/draw error: name 'start_y' is not defined
Update/draw error: name 'start_y' is not defined
Update/draw error: name 'start_y' is not defined
Update/draw error: name 'start_y' is not defined
Update/draw error: name 'start_y' is not defined
Update/draw error: name 'start_y' is not defined
Update/draw error: name 'start_y' is not defined
Update/draw error: name 'start_y' is not defined
Update/draw error: name 'start_y' is not defined
Update/draw error: name 'start_y' is not defined
Update/draw error: name 'start_y' is not defined
Update/draw error: name 'start_y' is not defined
Update/draw error: name 'start_y' is not defined
Update/draw error: name 'start_y' is not defined
Update/draw error: name 'start_y' is not defined
Update/draw error: name 'start_y' is not defined
Update/draw error: name 'start_y' is not defined
Update/draw error: name 'start_y' is not defined
Update/draw error: name 'start_y' is not defined
Update/draw error: name 'start_y' is not defined
Update/draw error: name 'start_y' is not defined
Update/draw error: name 'start_y' is not defined
Update/draw error: name 'start_y' is not defined
Update/draw error: name 'start_y' is not defined
Update/draw error: name 'start_y' is not defined
Update/draw error: name 'start_y' is not defined
Update/draw error: name 'start_y' is not defined
Update/draw error: name 'start_y' is not defined
Update/draw error: name 'start_y' is not defined
Update/draw error: name 'start_y' is not defined
Update/draw error: name 'start_y' is not defined
Update/draw error: name 'start_y' is not defined
Update/draw error: name 'start_y' is not defined
Update/draw error: name 'start_y' is not defined
Update/draw error: name 'start_y' is not defined
Update/draw error: name 'start_y' is not defined
Update/draw error: name 'start_y' is not defined
Update/draw error: name 'start_y' is not defined
Update/draw error: name 'start_y' is not defined
Update/draw error: name 'start_y' is not defined
Update/draw error: name 'start_y' is not defined
Update/draw error: name 'start_y' is not defined
Update/draw error: name 'start_y' is not defined
Update/draw error: name 'start_y' is not defined
Update/draw error: name 'start_y' is not defined
Update/draw error: name 'start_y' is not defined
Update/draw error: name 'start_y' is not defined
Update/draw error: name 'start_y' is not defined
Update/draw error: name 'start_y' is not defined
Update/draw error: name 'start_y' is not defined
Update/draw error: name 'start_y' is not defined
Update/draw error: name 'start_y' is not defined
Update/draw error: name 'start_y' is not defined
Update/draw error: name 'start_y' is not defined
Update/draw error: name 'start_y' is not defined
Update/draw error: name 'start_y' is not defined
Update/draw error: name 'start_y' is not defined
Update/draw error: name 'start_y' is not defined
Update/draw error: name 'start_y' is not defined
Update/draw error: name 'start_y' is not defined
Update/draw error: name 'start_y' is not defined
Update/draw error: name 'start_y' is not defined
Update/draw error: name 'start_y' is not defined
Update/draw error: name 'start_y' is not defined
Update/draw error: name 'start_y' is not defined
Update/draw error: name 'start_y' is not defined
Update/draw error: name 'start_y' is not defined
Update/draw error: name 'start_y' is not defined
Update/draw error: name 'start_y' is not defined
Update/draw error: name 'start_y' is not defined
Update/draw error: name 'start_y' is not defined
Update/draw error: name 'start_y' is not defined
Update/draw error: name 'start_y' is not defined
Update/draw error: name 'start_y' is not defined
Update/draw error: name 'start_y' is not defined
Update/draw error: name 'start_y' is not defined
Update/draw error: name 'start_y' is not defined
Update/draw error: name 'start_y' is not defined
Update/draw error: name 'start_y' is not defined
Update/draw error: name 'start_y' is not defined
Update/draw error: name 'start_y' is not defined
Update/draw error: name 'start_y' is not defined
Update/draw error: name 'start_y' is not defined
Update/draw error: name 'start_y' is not defined
Update/draw error: name 'start_y' is not defined
Update/draw error: name 'start_y' is not defined
Update/draw error: name 'start_y' is not defined
Update/draw error: name 'start_y' is not defined
Update/draw error: name 'start_y' is not defined
Update/draw error: name 'start_y' is not defined
Update/draw error: name 'start_y' is not defined
Update/draw error: name 'start_y' is not defined
Update/draw error: name 'start_y' is not defined
Update/draw error: name 'start_y' is not defined
Update/draw error: name 'start_y' is not defined
Update/draw error: name 'start_y' is not defined
Update/draw error: name 'start_y' is not defined
Update/draw error: name 'start_y' is not defined
Update/draw error: name 'start_y' is not defined
Update/draw error: name 'start_y' is not defined
Update/draw error: name 'start_y' is not defined
Update/draw error: name 'start_y' is not defined
Update/draw error: name 'start_y' is not defined
Update/draw error: name 'start_y' is not defined
Update/draw error: name 'start_y' is not defined
Update/draw error: name 'start_y' is not defined
Update/draw error: name 'start_y' is not defined
Update/draw error: name 'start_y' is not defined
Update/draw error: name 'start_y' is not defined
Update/draw error: name 'start_y' is not defined
Update/draw error: name 'start_y' is not defined
Update/draw error: name 'start_y' is not defined
Update/draw error: name 'start_y' is not defined
Update/draw error: name 'start_y' is not defined
Update/draw error: name 'start_y' is not defined
Update/draw error: name 'start_y' is not defined
Update/draw error: name 'start_y' is not defined
Update/draw error: name 'start_y' is not defined
Update/draw error: name 'start_y' is not defined
Update/draw error: name 'start_y' is not defined
Update/draw error: name 'start_y' is not defined
Update/draw error: name 'start_y' is not defined
Update/draw error: name 'start_y' is not defined
Update/draw error: name 'start_y' is not defined
Update/draw error: name 'start_y' is not defined
Update/draw error: name 'start_y' is not defined
Update/draw error: name 'start_y' is not defined
Update/draw error: name 'start_y' is not defined
Update/draw error: name 'start_y' is not defined
Update/draw error: name 'start_y' is not defined
Update/draw error: name 'start_y' is not defined
Update/draw error: name 'start_y' is not defined
Update/draw error: name 'start_y' is not defined
Update/draw error: name 'start_y' is not defined
Update/draw error: name 'start_y' is not defined
Update/draw error: name 'start_y' is not defined
Update/draw error: name 'start_y' is not defined
Update/draw error: name 'start_y' is not defined
Update/draw error: name 'start_y' is not defined
Update/draw error: name 'start_y' is not defined
Update/draw error: name 'start_y' is not defined
Update/draw error: name 'start_y' is not defined
Update/draw error: name 'start_y' is not defined
Update/draw error: name 'start_y' is not defined
Update/draw error: name 'start_y' is not defined
Update/draw error: name 'start_y' is not defined
Update/draw error: name 'start_y' is not defined
Update/draw error: name 'start_y' is not defined
Update/draw error: name 'start_y' is not defined
Update/draw error: name 'start_y' is not defined
Update/draw error: name 'start_y' is not defined
Update/draw error: name 'start_y' is not defined
Update/draw error: name 'start_y' is not defined
Update/draw error: name 'start_y' is not defined
Update/draw error: name 'start_y' is not defined
Update/draw error: name 'start_y' is not defined
Update/draw error: name 'start_y' is not defined
Update/draw error: name 'start_y' is not defined
Update/draw error: name 'start_y' is not defined
Update/draw error: name 'start_y' is not defined
Update/draw error: name 'start_y' is not defined
Update/draw error: name 'start_y' is not defined
Update/draw error: name 'start_y' is not defined
Update/draw error: name 'start_y' is not defined
Update/draw error: name 'start_y' is not defined
Update/draw error: name 'start_y' is not defined
Update/draw error: name 'start_y' is not defined
Update/draw error: name 'start_y' is not defined
Update/draw error: name 'start_y' is not defined
Update/draw error: name 'start_y' is not defined
Update/draw error: name 'start_y' is not defined
Update/draw error: name 'start_y' is not defined
Update/draw error: name 'start_y' is not defined
Update/draw error: name 'start_y' is not defined
Update/draw error: name 'start_y' is not defined
Update/draw error: name 'start_y' is not defined
Update/draw error: name 'start_y' is not defined
Update/draw error: name 'start_y' is not defined
Update/draw error: name 'start_y' is not defined
Update/draw error: name 'start_y' is not defined
Update/draw error: name 'start_y' is not defined
Update/draw error: name 'start_y' is not defined
Update/draw error: name 'start_y' is not defined
Update/draw error: name 'start_y' is not defined
Update/draw error: name 'start_y' is not defined
Update/draw error: name 'start_y' is not defined
Update/draw error: name 'start_y' is not defined
Update/draw error: name 'start_y' is not defined
Update/draw error: name 'start_y' is not defined
Update/draw error: name 'start_y' is not defined
Update/draw error: name 'start_y' is not defined
Update/draw error: name 'start_y' is not defined
Update/draw error: name 'start_y' is not defined
Update/draw error: name 'start_y' is not defined
Update/draw error: name 'start_y' is not defined
Update/draw error: name 'start_y' is not defined
Update/draw error: name 'start_y' is not defined
Update/draw error: name 'start_y' is not defined
Update/draw error: name 'start_y' is not defined
Update/draw error: name 'start_y' is not defined
Update/draw error: name 'start_y' is not defined
Update/draw error: name 'start_y' is not defined
Update/draw error: name 'start_y' is not defined
Update/draw error: name 'start_y' is not defined
Update/draw error: name 'start_y' is not defined
Update/draw error: name 'start_y' is not defined
Update/draw error: name 'start_y' is not defined
Update/draw error: name 'start_y' is not defined
Update/draw error: name 'start_y' is not defined
Update/draw error: name 'start_y' is not defined
Update/draw error: name 'start_y' is not defined
Update/draw error: name 'start_y' is not defined
Update/draw error: name 'start_y' is not defined
Update/draw error: name 'start_y' is not defined
Update/draw error: name 'start_y' is not defined
Update/draw error: name 'start_y' is not defined
Update/draw error: name 'start_y' is not defined
Update/draw error: name 'start_y' is not defined
Update/draw error: name 'start_y' is not defined
Update/draw error: name 'start_y' is not defined
Update/draw error: name 'start_y' is not defined
Update/draw error: name 'start_y' is not defined
Update/draw error: name 'start_y' is not defined
Update/draw error: name 'start_y' is not defined
Update/draw error: name 'start_y' is not defined
Update/draw error: name 'start_y' is not defined
Update/draw error: name 'start_y' is not defined
Update/draw error: name 'start_y' is not defined
Update/draw error: name 'start_y' is not defined
Update/draw error: name 'start_y' is not defined
Update/draw error: name 'start_y' is not defined
Update/draw error: name 'start_y' is not defined
Update/draw error: name 'start_y' is not defined
Update/draw error: name 'start_y' is not defined
Update/draw error: name 'start_y' is not defined
Update/draw error: name 'start_y' is not defined
Update/draw error: name 'start_y' is not defined
Update/draw error: name 'start_y' is not defined
Update/draw error: name 'start_y' is not defined
Update/draw error: name 'start_y' is not defined
Update/draw error: name 'start_y' is not defined
Update/draw error: name 'start_y' is not defined
Update/draw error: name 'start_y' is not defined
Update/draw error: name 'start_y' is not defined
Update/draw error: name 'start_y' is not defined
Update/draw error: name 'start_y' is not defined
Update/draw error: name 'start_y' is not defined
Update/draw error: name 'start_y' is not defined
Update/draw error: name 'start_y' is not defined
Update/draw error: name 'start_y' is not defined
Update/draw error: name 'start_y' is not defined
Update/draw error: name 'start_y' is not defined
Update/draw error: name 'start_y' is not defined
Update/draw error: name 'start_y' is not defined
Update/draw error: name 'start_y' is not defined
Update/draw error: name 'start_y' is not defined
Update/draw error: name 'start_y' is not defined
Update/draw error: name 'start_y' is not defined
Update/draw error: name 'start_y' is not defined
Update/draw error: name 'start_y' is not defined
Update/draw error: name 'start_y' is not defined
Update/draw error: name 'start_y' is not defined
Update/draw error: name 'start_y' is not defined
Initialization error: 'HanoiGUI' object has no attribute 'state_manager'
Initialization error: 'HanoiGUI' object has no attribute 'state_manager'
2025-07-11 09:15:32,573 - DEBUG - Initializing HanoiGUI...
2025-07-11 09:15:32,607 - DEBUG - Initializing state manager...
2025-07-11 09:15:32,607 - DEBUG - State manager initialized
2025-07-11 09:15:32,607 - DEBUG - Loading assets...
2025-07-11 09:15:32,676 - DEBUG - Assets loaded successfully
2025-07-11 09:15:32,676 - DEBUG - Registering states...
2025-07-11 09:15:32,676 - DEBUG - States registered successfully
2025-07-11 09:15:32,676 - DEBUG - Loading scoreboard...
2025-07-11 09:15:32,676 - DEBUG - Changing state to: menu with kwargs: {}, immediate: True
2025-07-11 09:15:32,677 - DEBUG - Changing state to: menu with kwargs: None, immediate: True
2025-07-11 09:15:32,677 - DEBUG - Entering MenuState
2025-07-11 09:15:32,677 - DEBUG - Loading scoreboard...
2025-07-11 09:15:32,677 - DEBUG - Immediately entering state: menu
2025-07-11 09:15:32,677 - DEBUG - Initial state set to 'menu'
2025-07-11 09:15:38,833 - DEBUG - Selected difficulty: 3 disks
2025-07-11 09:15:38,833 - DEBUG - Changing state to: get_name with kwargs: {'num_disks': 3}, immediate: False
2025-07-11 09:15:41,080 - DEBUG - Selected difficulty: 5 disks
2025-07-11 09:15:41,080 - DEBUG - Changing state to: get_name with kwargs: {'num_disks': 5}, immediate: False
2025-07-11 09:15:44,832 - INFO - Quit event received, exiting
Fatal error: HanoiGUI.__init__() takes 1 positional argument but 3 were given
Fatal error: HanoiGUI.__init__() takes 1 positional argument but 3 were given
